Atelierul nostru contine urmatoarele:
- 4 fabrici cu capacitatile:
	- fabrica 1 are dimensiunea de 409X409 
	- fabrica 2 are dimensiunea de 277X277 
	- fabrica 3 are dimensiunea de 399X399 
	- fabrica 4 are dimensiunea de 300X300 
- 9 reni.

Mosul doreste sa se pregateasca 3619 cadouri.


Mosul a primit toate cadourile pe care le-a dorit:
	- fabrica 1 a produs 1287 cadouri 
	- fabrica 2 a produs 1206 cadouri 
	- fabrica 3 a produs 1426 cadouri 
	- fabrica 4 a produs 1371 cadouri 

Numar elfi creati: 40
Numar elfi retrasi: 0

Pana s-au generat cadourile au trecut 8 secunde


Atelierul nostru contine urmatoarele:
- 2 fabrici cu capacitatile:
	- fabrica 1 are dimensiunea de 148X148 
	- fabrica 2 are dimensiunea de 407X407 
- 18 reni.

Mosul doreste sa se pregateasca 4803 cadouri.


Mosul a primit toate cadourile pe care le-a dorit:
	- fabrica 1 a produs 2449 cadouri 
	- fabrica 2 a produs 2356 cadouri 

Numar elfi creati: 28
Numar elfi retrasi: 0

Pana s-au generat cadourile au trecut 10 secunde

Atelierul nostru contine urmatoarele:
- 3 fabrici cu capacitatile:
	- fabrica 1 are dimensiunea de 103X103 
	- fabrica 2 are dimensiunea de 247X247 
	- fabrica 3 are dimensiunea de 382X382 
- 9 reni.

Mosul doreste sa se pregateasca 5648 cadouri.


Mosul a primit toate cadourile pe care le-a dorit:
	- fabrica 1 a produs 2868 cadouri 
	- fabrica 2 a produs 3284 cadouri 
	- fabrica 3 a produs 3092 cadouri 

Numar elfi creati: 46
Numar elfi retrasi: 0

Pana s-au generat cadourile au trecut 12 secunde
Atelierul nostru contine urmatoarele:
- 3 fabrici cu capacitatile:
	- fabrica 1 are dimensiunea de 140X140 
	- fabrica 2 are dimensiunea de 272X272 
	- fabrica 3 are dimensiunea de 484X484 
- 15 reni.

Mosul doreste sa se pregateasca 7010 cadouri.


Mosul a primit toate cadourile pe care le-a dorit:
	- fabrica 1 a produs 2707 cadouri 
	- fabrica 2 a produs 2620 cadouri 
	- fabrica 3 a produs 2536 cadouri 

Numar elfi creati: 44
Numar elfi retrasi: 0

Pana s-au generat cadourile au trecut 11 secunde
Atelierul nostru contine urmatoarele:
- 3 fabrici cu capacitatile:
	- fabrica 1 are dimensiunea de 200X200 
	- fabrica 2 are dimensiunea de 398X398 
	- fabrica 3 are dimensiunea de 214X214 
- 9 reni.

Mosul doreste sa se pregateasca 6393 cadouri.


Mosul a primit toate cadourile pe care le-a dorit:
	- fabrica 1 a produs 3566 cadouri 
	- fabrica 2 a produs 3926 cadouri 
	- fabrica 3 a produs 3997 cadouri 

Numar elfi creati: 53
Numar elfi retrasi: 0

Pana s-au generat cadourile au trecut 13 secunde
Atelierul nostru contine urmatoarele:
- 3 fabrici cu capacitatile:
	- fabrica 1 are dimensiunea de 368X368 
	- fabrica 2 are dimensiunea de 162X162 
	- fabrica 3 are dimensiunea de 148X148 
- 10 reni.

Mosul doreste sa se pregateasca 4621 cadouri.


Mosul a primit toate cadourile pe care le-a dorit:
	- fabrica 1 a produs 1525 cadouri 
	- fabrica 2 a produs 1529 cadouri 
	- fabrica 3 a produs 1567 cadouri 

Numar elfi creati: 421
Numar elfi retrasi: 419

Pana s-au generat cadourile au trecut 108 secunde
Atelierul nostru contine urmatoarele:
- 5 fabrici cu capacitatile:
	- fabrica 1 are dimensiunea de 258X258 
	- fabrica 2 are dimensiunea de 284X284 
	- fabrica 3 are dimensiunea de 148X148 
	- fabrica 4 are dimensiunea de 468X468 
	- fabrica 5 are dimensiunea de 258X258 
- 18 reni.

Mosul doreste sa se pregateasca 6466 cadouri.


Atelierul nostru contine urmatoarele:
- 5 fabrici cu capacitatile:
	- fabrica 1 are dimensiunea de 447X447 
	- fabrica 2 are dimensiunea de 470X470 
	- fabrica 3 are dimensiunea de 361X361 
	- fabrica 4 are dimensiunea de 193X193 
	- fabrica 5 are dimensiunea de 240X240 
- 14 reni.

Mosul doreste sa se pregateasca 3504 cadouri.


Atelierul nostru contine urmatoarele:
- 3 fabrici cu capacitatile:
	- fabrica 1 are dimensiunea de 307X307 
	- fabrica 2 are dimensiunea de 456X456 
	- fabrica 3 are dimensiunea de 103X103 
- 19 reni.

Mosul doreste sa se pregateasca 4502 cadouri.


Mosul a primit toate cadourile pe care le-a dorit:
	- fabrica 1 a produs 1503 cadouri 
	- fabrica 2 a produs 1492 cadouri 
	- fabrica 3 a produs 1507 cadouri 

Numar elfi creati: 410
Numar elfi retrasi: 407

Pana s-au generat cadourile au trecut 102 secunde
Atelierul nostru contine urmatoarele:
- 2 fabrici cu capacitatile:
	- fabrica 1 are dimensiunea de 110X110 
	- fabrica 2 are dimensiunea de 271X271 
- 9 reni.

Mosul doreste sa se pregateasca 6300 cadouri.


Mosul a primit toate cadourile pe care le-a dorit:
	- fabrica 1 a produs 3064 cadouri 
	- fabrica 2 a produs 3236 cadouri 

Numar elfi creati: 66
Numar elfi retrasi: 58

Pana s-au generat cadourile au trecut 24 secunde
Atelierul nostru contine urmatoarele:
- 4 fabrici cu capacitatile:
	- fabrica 1 are dimensiunea de 136X136 
	- fabrica 2 are dimensiunea de 423X423 
	- fabrica 3 are dimensiunea de 478X478 
	- fabrica 4 are dimensiunea de 211X211 
- 12 reni.

Mosul doreste sa se pregateasca 5106 cadouri.


Mosul a primit toate cadourile pe care le-a dorit:
	- fabrica 1 a produs 779 cadouri 
	- fabrica 2 a produs 659 cadouri 
	- fabrica 3 a produs 2705 cadouri 
	- fabrica 4 a produs 961 cadouri 

Numar elfi creati: 60
Numar elfi retrasi: 41

Pana s-au generat cadourile au trecut 21 secunde
Atelierul nostru contine urmatoarele:
- 3 fabrici cu capacitatile:
	- fabrica 1 are dimensiunea de 352X352 
	- fabrica 2 are dimensiunea de 105X105 
	- fabrica 3 are dimensiunea de 180X180 
- 11 reni.

Mosul doreste sa se pregateasca 5579 cadouri.


Mosul a primit toate cadourile pe care le-a dorit:
	- fabrica 1 a produs 2957 cadouri 
	- fabrica 2 a produs 1918 cadouri 
	- fabrica 3 a produs 2234 cadouri 

Numar elfi creati: 44
Numar elfi retrasi: 0

Pana s-au generat cadourile au trecut 10 secunde
Atelierul nostru contine urmatoarele:
- 5 fabrici cu capacitatile:
	- fabrica 1 are dimensiunea de 474X474 
	- fabrica 2 are dimensiunea de 445X445 
	- fabrica 3 are dimensiunea de 148X148 
	- fabrica 4 are dimensiunea de 140X140 
	- fabrica 5 are dimensiunea de 193X193 
- 9 reni.

Mosul doreste sa se pregateasca 6932 cadouri.


Mosul a primit toate cadourile pe care le-a dorit:
	- fabrica 1 a produs 3839 cadouri 
	- fabrica 2 a produs 3796 cadouri 
	- fabrica 3 a produs 3356 cadouri 
	- fabrica 4 a produs 3140 cadouri 
	- fabrica 5 a produs 3543 cadouri 

Numar elfi creati: 91
Numar elfi retrasi: 0

Pana s-au generat cadourile au trecut 13 secunde
Atelierul nostru contine urmatoarele:
- 2 fabrici cu capacitatile:
	- fabrica 1 are dimensiunea de 422X422 
	- fabrica 2 are dimensiunea de 150X150 
- 9 reni.

Mosul doreste sa se pregateasca 4176 cadouri.


Mosul a primit toate cadourile pe care le-a dorit:
	- fabrica 1 a produs 2259 cadouri 
	- fabrica 2 a produs 2145 cadouri 

Numar elfi creati: 29
Numar elfi retrasi: 0

Pana s-au generat cadourile au trecut 10 secunde
Atelierul nostru contine urmatoarele:
- 5 fabrici cu capacitatile:
	- fabrica 1 are dimensiunea de 103X103 
	- fabrica 2 are dimensiunea de 109X109 
	- fabrica 3 are dimensiunea de 491X491 
	- fabrica 4 are dimensiunea de 377X377 
	- fabrica 5 are dimensiunea de 209X209 
- 12 reni.

Mosul doreste sa se pregateasca 5922 cadouri.


Mosul a primit toate cadourile pe care le-a dorit:
	- fabrica 1 a produs 1369 cadouri 
	- fabrica 2 a produs 1833 cadouri 
	- fabrica 3 a produs 1895 cadouri 
	- fabrica 4 a produs 1791 cadouri 
	- fabrica 5 a produs 1706 cadouri 

Numar elfi creati: 67
Numar elfi retrasi: 0

Pana s-au generat cadourile au trecut 10 secunde
Atelierul nostru contine urmatoarele:
- 3 fabrici cu capacitatile:
	- fabrica 1 are dimensiunea de 260X260 
	- fabrica 2 are dimensiunea de 493X493 
	- fabrica 3 are dimensiunea de 121X121 
- 15 reni.

Mosul doreste sa se pregateasca 6640 cadouri.


Mosul a primit toate cadourile pe care le-a dorit:
	- fabrica 1 a produs 2675 cadouri 
	- fabrica 2 a produs 2383 cadouri 
	- fabrica 3 a produs 2017 cadouri 

Numar elfi creati: 41
Numar elfi retrasi: 0

Pana s-au generat cadourile au trecut 11 secunde
